[01-08 08:52:51]: [INFO] SQLite driver loaded
[01-08 08:52:51]: [INFO] SQLite Setup finished
[01-08 08:52:51]: [INFO] Hooked into Vault!
[01-08 08:52:52]: [WARN] WARNING! The protectInventory feature requires ProtocolLib! Disabling it...
[01-08 08:52:52]: [INFO] Development builds are available on our jenkins, thanks to f14stelt.
[01-08 08:52:52]: [INFO] Do you want a good game server? Look at our sponsor GameHosting.it leader in Italy as Game Server Provider!
[01-08 08:52:52]: [INFO] AuthMe 5.2 build n.1542 correctly enabled!
[01-08 08:52:52]: [WARN] Could not download GeoLiteAPI database [UnknownHostException]: geolite.maxmind.com
[01-08 08:52:52]: java.net.UnknownHostException: geolite.maxmind.com
	at java.net.AbstractPlainSocketImpl.connect(AbstractPlainSocketImpl.java:184)
	at java.net.SocksSocketImpl.connect(SocksSocketImpl.java:392)
	at java.net.Socket.connect(Socket.java:607)
	at sun.net.NetworkClient.doConnect(NetworkClient.java:175)
	at sun.net.www.http.HttpClient.openServer(HttpClient.java:463)
	at sun.net.www.http.HttpClient.openServer(HttpClient.java:558)
	at sun.net.www.http.HttpClient.<init>(HttpClient.java:242)
	at sun.net.www.http.HttpClient.New(HttpClient.java:339)
	at sun.net.www.http.HttpClient.New(HttpClient.java:357)
	at sun.net.www.protocol.http.HttpURLConnection.getNewHttpClient(HttpURLConnection.java:1226)
	at sun.net.www.protocol.http.HttpURLConnection.plainConnect0(HttpURLConnection.java:1162)
	at sun.net.www.protocol.http.HttpURLConnection.plainConnect(HttpURLConnection.java:1056)
	at sun.net.www.protocol.http.HttpURLConnection.connect(HttpURLConnection.java:990)
	at fr.xephi.authme.service.GeoIpService$1.run(GeoIpService.java:87)
	at java.lang.Thread.run(Thread.java:748)

[01-08 08:55:03]: [FINE] RazorG registered 187.107.18.92
[01-08 08:55:03]: [FINE] RazorG logged in!
[01-08 08:55:03]: [WARN] Could not download GeoLiteAPI database [UnknownHostException]: geolite.maxmind.com
[01-08 08:55:03]: java.net.UnknownHostException: geolite.maxmind.com
	at java.net.AbstractPlainSocketImpl.connect(AbstractPlainSocketImpl.java:184)
	at java.net.SocksSocketImpl.connect(SocksSocketImpl.java:392)
	at java.net.Socket.connect(Socket.java:607)
	at sun.net.NetworkClient.doConnect(NetworkClient.java:175)
	at sun.net.www.http.HttpClient.openServer(HttpClient.java:463)
	at sun.net.www.http.HttpClient.openServer(HttpClient.java:558)
	at sun.net.www.http.HttpClient.<init>(HttpClient.java:242)
	at sun.net.www.http.HttpClient.New(HttpClient.java:339)
	at sun.net.www.http.HttpClient.New(HttpClient.java:357)
	at sun.net.www.protocol.http.HttpURLConnection.getNewHttpClient(HttpURLConnection.java:1226)
	at sun.net.www.protocol.http.HttpURLConnection.plainConnect0(HttpURLConnection.java:1162)
	at sun.net.www.protocol.http.HttpURLConnection.plainConnect(HttpURLConnection.java:1056)
	at sun.net.www.protocol.http.HttpURLConnection.connect(HttpURLConnection.java:990)
	at fr.xephi.authme.service.GeoIpService$1.run(GeoIpService.java:87)
	at java.lang.Thread.run(Thread.java:748)

[01-08 08:56:00]: [INFO] AuthMe 5.2-b1542 disabled!
